0 0 [8, 304.0, 193, 4732, 18.5, 70, 1, 10]
49 0.17 [8, 318, 150, 4457, 13.5, 74, 1, 10]
99 0.28 [6, 232, 100, 2901, 16, 74, 1, 20]
149 0.38 [8, 351, 142, 4054, 14.3, 79, 1, 20]
199 0.55 [4, 122, 96, 2300, 15.5, 77, 1, 30]
249 0.68 [4, 119, 82, 2720, 19.4, 82, 1, 30]
299 0.71 [4, 119, 97, 2545, 17, 75, 3, 20]
349 0.79 [4, 146, 67, 3250, 21.8, 80, 2, 30]
✅ pass: around
✅ pass: clone
398  {'Acc+': 15.6, 'Lbs-': 2970.4, 'Mpg+': 23.8}
| 200  
| | 101
| | | 51
| | | | 26  {'Acc+': 16.7, 'Lbs-': 2109.7, 'Mpg+': 28.8}
| | | | 25  {'Acc+': 15.5, 'Lbs-': 2599.7, 'Mpg+': 22.8}
| | | 50
| | | | 26  {'Acc+': 15.9, 'Lbs-': 2527.2, 'Mpg+': 28.5}
| | | | 24  {'Acc+': 16.8, 'Lbs-': 2586.6, 'Mpg+': 32.1}
| | 99
| | | 50
| | | | 26  {'Acc+': 17.3, 'Lbs-': 2125.3, 'Mpg+': 26.9}
| | | | 24  {'Acc+': 16.7, 'Lbs-': 2273.3, 'Mpg+': 27.5}
| | | 49
| | | | 25  {'Acc+': 16.5, 'Lbs-': 2054.1, 'Mpg+': 35.2}
| | | | 24  {'Acc+': 15.7, 'Lbs-': 2640.7, 'Mpg+': 25.0}
| 198
| | 100
| | | 51
| | | | 26  {'Acc+': 17.5, 'Lbs-': 3416.8, 'Mpg+': 20.0}
| | | | 25  {'Acc+': 16.3, 'Lbs-': 2823.7, 'Mpg+': 24.8}
| | | 49
| | | | 25  {'Acc+': 15.6, 'Lbs-': 3308.2, 'Mpg+': 22.0}
| | | | 24  {'Acc+': 16.4, 'Lbs-': 2824.6, 'Mpg+': 29.2}
| | 98
| | | 50
| | | | 26  {'Acc+': 13.2, 'Lbs-': 4127.3, 'Mpg+': 16.2}
| | | | 24  {'Acc+': 15.0, 'Lbs-': 3643.4, 'Mpg+': 17.1}
| | | 48
| | | | 25  {'Acc+': 12.6, 'Lbs-': 4093.4, 'Mpg+': 12.4}
| | | | 23  {'Acc+': 11.0, 'Lbs-': 4480.2, 'Mpg+': 12.6}
✅ pass: cluster
✅ pass: data
200 198 398
[3, 70, 97, 2330, 13.5, 72, 3, 20] 0.6820358277884402
[4, 121, 80, 2670, 15, 79, 1, 30]
[6, 225, 110, 3360, 16.6, 79, 1, 20]
✅ pass: half
✅ pass: num
398  {'Acc+': 15.6, 'Lbs-': 2970.4, 'Mpg+': 23.8}
| 200  
| | 101
| | | 51
| | | | 26  {'Acc+': 15.3, 'Lbs-': 2386.3, 'Mpg+': 27.3}
✅ pass: optimize
✅ pass: sym
{'dump': False, 'file': '../../etc/data/auto93.csv', 'Far': 0.95, 'go': 'all', 'help': False, 'min': 0.5, 'p': 2, 'seed': 937162211, 'Sample': 512}
✅ pass: the