
eg3
	 1.00 true False True
	 1.05 true True True
	 1.10 false False True
	 1.15 false False True
	 1.20 false False True
	 1.25 false False True
	 1.30 false False True
	 1.35 false False True
	 1.40 false False True
	 1.45 false False True
✅ pass: pre ------------------------------------------------------------
✅ pass: ok ------------------------------------------------------------
	beaca
	ddddb
	adadd
	eadcb
	eacaa
	aeadb
	daebd
	debcb
	bdcad
✅ pass: sample ------------------------------------------------------------
	 10 5.5 3.0276503540974917
✅ pass: num ------------------------------------------------------------
	 10000 10.013809035868826 2.010038683499142
✅ pass: gauss ------------------------------------------------------------
		true True False
		false False True
		false False True
✅ pass: basic ------------------------------------------------------------
 rx1                     |                  * {  8.73,   9.46,   9.96,  10.52,  11.32}
 rx7                     |                  * {  8.65,   9.50,  10.00,  10.55,  11.19}
 rx6                     |                  * {  8.76,   9.44,  10.04,  10.54,  11.32}
 rx10                     |                  * {  8.66,   9.52,  10.08,  10.59,  11.34}
 rx2                     |                  * {  8.84,   9.56,  10.09,  10.61,  11.41}
 rx3                     |                  * { 18.63,  19.40,  19.96,  20.48,  21.27}
 rx4                     |                  * { 28.75,  29.53,  30.04,  30.55,  31.36}
 rx5                     |                  * { 28.87,  29.59,  30.16,  30.69,  31.44}
 rx8                     |                  * { 38.73,  39.53,  40.01,  40.53,  41.29}
 rx9                     |                  * { 36.16,  38.34,  40.02,  41.68,  43.74}
✅ pass: tiles ------------------------------------------------------------
 rx1                     |                  * {  8.68,   9.41,   9.96,  10.52,  11.26}
 rx2                     |                  * {  8.82,   9.64,  10.14,  10.61,  11.37}
 rx3                     |                  * { 18.72,  19.40,  19.96,  20.43,  21.24}
 rx4                     |                  * { 28.68,  29.42,  29.97,  30.49,  31.29}
 rx5                     |                  * { 28.89,  29.58,  30.06,  30.63,  31.39}
 rx6                     |                  * {  8.64,   9.44,   9.97,  10.50,  11.20}
 rx7                     |                  * {  8.66,   9.41,   9.94,  10.50,  11.24}
 rx8                     |                  * { 38.77,  39.50,  40.02,  40.52,  41.32}
 rx9                     |                  * { 36.29,  38.65,  40.21,  41.86,  43.94}
 rx10                     |                  * {  8.72,   9.48,  10.05,  10.55,  11.24}
✅ pass: sk ------------------------------------------------------------
rx1 1                     |                  * {  0.49,   0.49,   0.51,   0.51,   0.60}
rx2 1                     |                  * {  0.70,   0.70,   0.80,   0.80,   0.90}
rx3 2                     |                  * {  0.25,   0.25,   0.35,   0.35,   0.40}
rx4 3                     |                  * {  0.70,   0.70,   0.80,   0.80,   0.90}
rx5 4                     |                  * {  0.20,   0.20,   0.30,   0.30,   0.40}
✅ pass: five ------------------------------------------------------------
rx1 1                     |                  * { 99.50,  99.50, 100.00, 100.00, 101.00}
rx2 1                     |                  * {100.00, 100.00, 100.00, 101.00, 101.00}
rx3 1                     |                  * { 99.50,  99.50, 100.00, 100.00, 101.00}
rx4 2                     |                  * {100.00, 100.00, 100.00, 101.00, 101.00}
✅ pass: six ------------------------------------------------------------
